#
# A fatal error has been detected by the Java Runtime Environment:
#
#  EXCEPTION_ACCESS_VIOLATION (0xc0000005) at pc=0x0000000069aea293, pid=4032, tid=0x00000000000002a4
#
# JRE version: OpenJDK Runtime Environment (8.0_152-b06) (build 1.8.0_152-release-1136-b06)
# Java VM: OpenJDK 64-Bit Server VM (25.152-b06 mixed mode windows-amd64 compressed oops)
# Problematic frame:
# V  [jvm.dll+0x43a293]
#
# Failed to write core dump. Minidumps are not enabled by default on client versions of Windows
#
# If you would like to submit a bug report, please visit:
#   http://bugreport.java.com/bugreport/crash.jsp
#

---------------  T H R E A D  ---------------

Current thread (0x0000000055fb3800):  JavaThread "C2 CompilerThread0" daemon [_thread_in_native, id=676, stack(0x0000000057ac0000,0x0000000057bc0000)]

siginfo: ExceptionCode=0xc0000005, reading address 0x0000000000002800

Registers:
RAX=0x000000005b58ed58, RBX=0x0000000057bbdda0, RCX=0x0000000098026820, RDX=0x000000007fff0050
RSP=0x0000000057bbdb90, RBP=0x0000000000000120, RSI=0x00000000000001aa, RDI=0x0000000000002800
R8 =0x000000000000003f, R9 =0x0000000000000020, R10=0x2ea9004e42003fcb, R11=0x000000008fff0050
R12=0x000000000000000c, R13=0x000000005b58ecc0, R14=0x00000000000000de, R15=0x00000000000006f0
RIP=0x0000000069aea293, EFLAGS=0x0000000000010246

Top of Stack: (sp=0x0000000057bbdb90)
0x0000000057bbdb90:   0000000057bbdda0 00000000000001a6
0x0000000057bbdba0:   0000000057bbe860 0000000069b88ce6
0x0000000057bbdbb0:   0000000069c59318 0000000057bbe860
0x0000000057bbdbc0:   0000000059a82490 0000000057bbddf0
0x0000000057bbdbd0:   0000000055fb3ed0 0000000069b899b9
0x0000000057bbdbe0:   0000000057bbdce0 0000000057bbdd90
0x0000000057bbdbf0:   0000000000010388 000000005b113df0
0x0000000057bbdc00:   0000000059a8a478 0000000069af2152
0x0000000057bbdc10:   0000000055fb3ed0 0000000057bbdd10
0x0000000057bbdc20:   0000000059a872e0 0000000059a82490
0x0000000057bbdc30:   0000000000000000 0000000057bbf070
0x0000000057bbdc40:   000000000000000c 000000005b0fb1a0
0x0000000057bbdc50:   0000000057bbf200 0000000057bbf218
0x0000000057bbdc60:   000000005722c1a0 0000000000000004
0x0000000057bbdc70:   00000000004cbb00 00000000698f2e00
0x0000000057bbdc80:   0000000000000002 0000000069ce8780 

Instructions: (pc=0x0000000069aea293)
0x0000000069aea273:   00 33 ed 44 8b e0 0f 1f 80 00 00 00 00 49 8b 45
0x0000000069aea283:   08 48 8b 3c 28 48 85 ff 74 6c 40 f6 c7 01 75 66
0x0000000069aea293:   48 83 3f fe 74 60 8b 4f 28 8b c1 c1 e8 05 3b 43
0x0000000069aea2a3:   30 72 0f 48 8b 43 20 8b d1 48 8d 4b 20 ff 50 18 


Register to memory mapping:

RAX=0x000000005b58ed58 is an unknown value
RBX=0x0000000057bbdda0 is pointing into the stack for thread: 0x0000000055fb3800
RCX=0x0000000098026820 is an unknown value
RDX=0x000000007fff0050 is an unknown value
RSP=0x0000000057bbdb90 is pointing into the stack for thread: 0x0000000055fb3800
RBP=0x0000000000000120 is an unknown value
RSI=0x00000000000001aa is an unknown value
RDI=0x0000000000002800 is an unknown value
R8 =0x000000000000003f is an unknown value
R9 =0x0000000000000020 is an unknown value
R10=0x2ea9004e42003fcb is an unknown value
R11=0x000000008fff0050 is an unknown value
R12=0x000000000000000c is an unknown value
R13=0x000000005b58ecc0 is an unknown value
R14=0x00000000000000de is an unknown value
R15=0x00000000000006f0 is an unknown value


Stack: [0x0000000057ac0000,0x0000000057bc0000],  sp=0x0000000057bbdb90,  free space=1014k
Native frames: (J=compiled Java code, j=interpreted, Vv=VM code, C=native code)
V  [jvm.dll+0x43a293]
V  [jvm.dll+0x4d99b9]
V  [jvm.dll+0x442152]
V  [jvm.dll+0x4252c2]
V  [jvm.dll+0x813d8]
V  [jvm.dll+0x81d0f]
V  [jvm.dll+0x21d41f]
V  [jvm.dll+0x26d9aa]
C  [msvcr100.dll+0x21d9f]
C  [msvcr100.dll+0x21e3b]
C  [kernel32.dll+0x1652d]
C  [ntdll.dll+0x2c521]


Current CompileTask:
C2:  22479 1441       4       java.io.WinNTFileSystem::normalize (231 bytes)


---------------  P R O C E S S  ---------------

Java Threads: ( => current thread )
  0x00000000573f3800 JavaThread "Cache worker for file hash cache (C:\Users\admin\Desktop\JOBSJUNCTION\JOBSJUNCTION\.gradle\4.6\fileHashes)" [_thread_blocked, id=2172, stack(0x000000005c0b0000,0x000000005c1b0000)]
  0x0000000058587000 JavaThread "File lock request listener" [_thread_in_native, id=508, stack(0x000000005aef0000,0x000000005aff0000)]
  0x0000000058599800 JavaThread "Cache worker for file hash cache (C:\Users\admin\.gradle\caches\4.6\fileHashes)" [_thread_blocked, id=3464, stack(0x000000005ace0000,0x000000005ade0000)]
  0x0000000058513800 JavaThread "Stdin handler" [_thread_blocked, id=3288, stack(0x000000005a5d0000,0x000000005a6d0000)]
  0x0000000058513000 JavaThread "Asynchronous log dispatcher for DefaultDaemonConnection: socket connection from /127.0.0.1:49519 to /127.0.0.1:49520" [_thread_blocked, id=2304, stack(0x000000005a830000,0x000000005a930000)]
  0x0000000058501800 JavaThread "Daemon worker" [_thread_in_vm, id=3664, stack(0x000000005a6d0000,0x000000005a7d0000)]
  0x00000000585ac800 JavaThread "Cancel handler" [_thread_blocked, id=336, stack(0x0000000057f10000,0x0000000058010000)]
  0x0000000058713800 JavaThread "Handler for socket connection from /127.0.0.1:49519 to /127.0.0.1:49520" [_thread_in_native, id=3992, stack(0x000000005a260000,0x000000005a360000)]
  0x00000000585d3000 JavaThread "Daemon" [_thread_blocked, id=2272, stack(0x00000000589a0000,0x0000000058aa0000)]
  0x00000000584df800 JavaThread "Daemon periodic checks" [_thread_blocked, id=2672, stack(0x000000005a160000,0x000000005a260000)]
  0x0000000058835800 JavaThread "Incoming local TCP Connector on port 49519" [_thread_in_native, id=3768, stack(0x0000000059f90000,0x000000005a090000)]
  0x00000000572a4000 JavaThread "Service Thread" daemon [_thread_blocked, id=2676, stack(0x0000000058040000,0x0000000058140000)]
  0x0000000055fb7000 JavaThread "C1 CompilerThread2" daemon [_thread_blocked, id=2612, stack(0x0000000057e00000,0x0000000057f00000)]
  0x0000000055fb6000 JavaThread "C2 CompilerThread1" daemon [_thread_in_native, id=3832, stack(0x0000000057c40000,0x0000000057d40000)]
=>0x0000000055fb3800 JavaThread "C2 CompilerThread0" daemon [_thread_in_native, id=676, stack(0x0000000057ac0000,0x0000000057bc0000)]
  0x0000000055fb2000 JavaThread "Attach Listener" daemon [_thread_blocked, id=2124, stack(0x0000000057990000,0x0000000057a90000)]
  0x0000000055fb1000 JavaThread "Signal Dispatcher" daemon [_thread_blocked, id=1416, stack(0x00000000576f0000,0x00000000577f0000)]
  0x0000000055f98000 JavaThread "Finalizer" daemon [_thread_blocked, id=1180, stack(0x0000000057120000,0x0000000057220000)]
  0x0000000055f50800 JavaThread "Reference Handler" daemon [_thread_blocked, id=2088, stack(0x0000000056fe0000,0x00000000570e0000)]
  0x00000000004ce000 JavaThread "main" [_thread_blocked, id=468, stack(0x0000000002130000,0x0000000002230000)]

Other Threads:
  0x0000000055f49000 VMThread [stack: 0x0000000056ea0000,0x0000000056fa0000] [id=1908]
  0x0000000055fbe000 WatcherThread [stack: 0x0000000057800000,0x0000000057900000] [id=3396]

VM state:not at safepoint (normal execution)

VM Mutex/Monitor currently owned by a thread: None

Heap:
 PSYoungGen      total 71680K, used 59830K [0x00000000e0000000, 0x00000000e4b00000, 0x0000000100000000)
  eden space 66560K, 82% used [0x00000000e0000000,0x00000000e35719a0,0x00000000e4100000)
  from space 5120K, 99% used [0x00000000e4600000,0x00000000e4afbfc8,0x00000000e4b00000)
  to   space 5120K, 0% used [0x00000000e4100000,0x00000000e4100000,0x00000000e4600000)
 ParOldGen       total 87552K, used 152K [0x00000000a0000000, 0x00000000a5580000, 0x00000000e0000000)
  object space 87552K, 0% used [0x00000000a0000000,0x00000000a0026300,0x00000000a5580000)
 Metaspace       used 15922K, capacity 16304K, committed 16640K, reserved 1062912K
  class space    used 2281K, capacity 2442K, committed 2560K, reserved 1048576K

Card table byte_map: [0x00000000118c0000,0x0000000011bd0000] byte_map_base: 0x00000000113c0000

Marking Bits: (ParMarkBitMap*) 0x0000000069e75aa0
 Begin Bits: [0x00000000122c0000, 0x0000000013ac0000)
 End Bits:   [0x0000000013ac0000, 0x00000000152c0000)

Polling page: 0x0000000000410000

CodeCache: size=245760Kb used=4556Kb max_used=4556Kb free=241203Kb
 bounds [0x0000000002500000, 0x0000000002980000, 0x0000000011500000]
 total_blobs=1735 nmethods=1362 adapters=286
 compilation: enabled

Compilation events (10 events):
Event: 22.171 Thread 0x0000000055fb7000 1455   !   3       org.gradle.internal.service.DefaultServiceRegistry::getService (33 bytes)
Event: 22.173 Thread 0x0000000055fb7000 nmethod 1455 0x0000000002974410 code [0x00000000029745a0, 0x0000000002974898]
Event: 22.229 Thread 0x0000000055fb7000 1456   !   3       org.gradle.internal.service.DefaultServiceRegistry$ParentServices::getService (55 bytes)
Event: 22.232 Thread 0x0000000055fb7000 nmethod 1456 0x00000000029749d0 code [0x0000000002974bc0, 0x00000000029753c8]
Event: 22.232 Thread 0x0000000055fb7000 1457       3       org.gradle.internal.service.DefaultServiceRegistry::access$1900 (6 bytes)
Event: 22.233 Thread 0x0000000055fb7000 nmethod 1457 0x0000000002975710 code [0x0000000002975880, 0x00000000029759e8]
Event: 22.268 Thread 0x0000000055fb7000 1458       1       java.util.concurrent.locks.AbstractOwnableSynchronizer::getExclusiveOwnerThread (5 bytes)
Event: 22.269 Thread 0x0000000055fb7000 nmethod 1458 0x0000000002975ad0 code [0x0000000002975c20, 0x0000000002975d30]
Event: 22.306 Thread 0x0000000055fb7000 1459       3       java.util.jar.Manifest$FastInputStream::fill (38 bytes)
Event: 22.307 Thread 0x0000000055fb7000 nmethod 1459 0x0000000002975d90 code [0x0000000002975f00, 0x0000000002976188]

GC Heap History (4 events):
Event: 6.964 GC heap before
{Heap before GC invocations=1 (full 0):
 PSYoungGen      total 38400K, used 33280K [0x00000000e0000000, 0x00000000e2a80000, 0x0000000100000000)
  eden space 33280K, 100% used [0x00000000e0000000,0x00000000e2080000,0x00000000e2080000)
  from space 5120K, 0% used [0x00000000e2580000,0x00000000e2580000,0x00000000e2a80000)
  to   space 5120K, 0% used [0x00000000e2080000,0x00000000e2080000,0x00000000e2580000)
 ParOldGen       total 87552K, used 0K [0x00000000a0000000, 0x00000000a5580000, 0x00000000e0000000)
  object space 87552K, 0% used [0x00000000a0000000,0x00000000a0000000,0x00000000a5580000)
 Metaspace       used 6649K, capacity 6766K, committed 7040K, reserved 1056768K
  class space    used 807K, capacity 875K, committed 896K, reserved 1048576K
Event: 7.532 GC heap after
Heap after GC invocations=1 (full 0):
 PSYoungGen      total 38400K, used 4159K [0x00000000e0000000, 0x00000000e4b00000, 0x0000000100000000)
  eden space 33280K, 0% used [0x00000000e0000000,0x00000000e0000000,0x00000000e2080000)
  from space 5120K, 81% used [0x00000000e2080000,0x00000000e248fc60,0x00000000e2580000)
  to   space 5120K, 0% used [0x00000000e4600000,0x00000000e4600000,0x00000000e4b00000)
 ParOldGen       total 87552K, used 8K [0x00000000a0000000, 0x00000000a5580000, 0x00000000e0000000)
  object space 87552K, 0% used [0x00000000a0000000,0x00000000a0002000,0x00000000a5580000)
 Metaspace       used 6649K, capacity 6766K, committed 7040K, reserved 1056768K
  class space    used 807K, capacity 875K, committed 896K, reserved 1048576K
}
Event: 16.378 GC heap before
{Heap before GC invocations=2 (full 0):
 PSYoungGen      total 38400K, used 37439K [0x00000000e0000000, 0x00000000e4b00000, 0x0000000100000000)
  eden space 33280K, 100% used [0x00000000e0000000,0x00000000e2080000,0x00000000e2080000)
  from space 5120K, 81% used [0x00000000e2080000,0x00000000e248fc60,0x00000000e2580000)
  to   space 5120K, 0% used [0x00000000e4600000,0x00000000e4600000,0x00000000e4b00000)
 ParOldGen       total 87552K, used 8K [0x00000000a0000000, 0x00000000a5580000, 0x00000000e0000000)
  object space 87552K, 0% used [0x00000000a0000000,0x00000000a0002000,0x00000000a5580000)
 Metaspace       used 10837K, capacity 11080K, committed 11264K, reserved 1058816K
  class space    used 1420K, capacity 1518K, committed 1536K, reserved 1048576K
Event: 16.734 GC heap after
Heap after GC invocations=2 (full 0):
 PSYoungGen      total 71680K, used 5103K [0x00000000e0000000, 0x00000000e4b00000, 0x0000000100000000)
  eden space 66560K, 0% used [0x00000000e0000000,0x00000000e0000000,0x00000000e4100000)
  from space 5120K, 99% used [0x00000000e4600000,0x00000000e4afbfc8,0x00000000e4b00000)
  to   space 5120K, 0% used [0x00000000e4100000,0x00000000e4100000,0x00000000e4600000)
 ParOldGen       total 87552K, used 152K [0x00000000a0000000, 0x00000000a5580000, 0x00000000e0000000)
  object space 87552K, 0% used [0x00000000a0000000,0x00000000a0026300,0x00000000a5580000)
 Metaspace       used 10837K, capacity 11080K, committed 11264K, reserved 1058816K
  class space    used 1420K, capacity 1518K, committed 1536K, reserved 1048576K
}

Deoptimization events (10 events):
Event: 9.065 Thread 0x00000000004ce000 Uncommon trap: reason=bimorphic action=maybe_recompile pc=0x0000000002774eac method=java.util.HashMap.putVal(ILjava/lang/Object;Ljava/lang/Object;ZZ)Ljava/lang/Object; @ 91
Event: 9.066 Thread 0x00000000004ce000 Uncommon trap: reason=bimorphic action=maybe_recompile pc=0x0000000002774eac method=java.util.HashMap.putVal(ILjava/lang/Object;Ljava/lang/Object;ZZ)Ljava/lang/Object; @ 91
Event: 9.068 Thread 0x00000000004ce000 Uncommon trap: reason=bimorphic action=maybe_recompile pc=0x0000000002774eac method=java.util.HashMap.putVal(ILjava/lang/Object;Ljava/lang/Object;ZZ)Ljava/lang/Object; @ 91
Event: 10.193 Thread 0x00000000004ce000 Uncommon trap: reason=bimorphic action=maybe_recompile pc=0x0000000002828a84 method=java.util.HashMap.putVal(ILjava/lang/Object;Ljava/lang/Object;ZZ)Ljava/lang/Object; @ 203
Event: 13.056 Thread 0x00000000004ce000 Uncommon trap: reason=unstable_if action=reinterpret pc=0x00000000027a6514 method=java.io.WinNTFileSystem.normalize(Ljava/lang/String;)Ljava/lang/String; @ 128
Event: 17.376 Thread 0x0000000058713800 Uncommon trap: reason=unstable_if action=reinterpret pc=0x00000000028f4adc method=java.util.concurrent.ConcurrentHashMap.putVal(Ljava/lang/Object;Ljava/lang/Object;Z)Ljava/lang/Object; @ 206
Event: 18.131 Thread 0x0000000058501800 Uncommon trap: reason=bimorphic action=maybe_recompile pc=0x0000000002828404 method=java.util.HashMap.putVal(ILjava/lang/Object;Ljava/lang/Object;ZZ)Ljava/lang/Object; @ 253
Event: 18.133 Thread 0x0000000058501800 Uncommon trap: reason=bimorphic action=maybe_recompile pc=0x0000000002828404 method=java.util.HashMap.putVal(ILjava/lang/Object;Ljava/lang/Object;ZZ)Ljava/lang/Object; @ 253
Event: 19.735 Thread 0x0000000058501800 Uncommon trap: reason=class_check action=maybe_recompile pc=0x000000000276b9cc method=java.util.regex.Matcher.match(II)Z @ 86
Event: 19.738 Thread 0x0000000058501800 Uncommon trap: reason=class_check action=maybe_recompile pc=0x000000000276b9cc method=java.util.regex.Matcher.match(II)Z @ 86

Classes redefined (0 events):
No events

Internal exceptions (10 events):
Event: 17.566 Thread 0x0000000058713800 Exception <a 'java/lang/NoSuchMethodError': <clinit>> (0x00000000e0304b68) thrown at [D:\src\AOSP-openjdk-cygwin\jdk8u\hotspot\src\share\vm\prims\jni.cpp, line 1613]
Event: 17.571 Thread 0x0000000058713800 Exception <a 'java/lang/NoSuchMethodError': <clinit>> (0x00000000e030d630) thrown at [D:\src\AOSP-openjdk-cygwin\jdk8u\hotspot\src\share\vm\prims\jni.cpp, line 1613]
Event: 17.581 Thread 0x0000000058713800 Exception <a 'java/lang/NoSuchMethodError': <clinit>> (0x00000000e031ecf0) thrown at [D:\src\AOSP-openjdk-cygwin\jdk8u\hotspot\src\share\vm\prims\jni.cpp, line 1613]
Event: 17.722 Thread 0x0000000058713800 Exception <a 'java/lang/NoSuchMethodError': <clinit>> (0x00000000e03979b8) thrown at [D:\src\AOSP-openjdk-cygwin\jdk8u\hotspot\src\share\vm\prims\jni.cpp, line 1613]
Event: 17.750 Thread 0x0000000058713800 Exception <a 'java/lang/NoSuchMethodError': <clinit>> (0x00000000e03bc788) thrown at [D:\src\AOSP-openjdk-cygwin\jdk8u\hotspot\src\share\vm\prims\jni.cpp, line 1613]
Event: 17.770 Thread 0x0000000058713800 Exception <a 'java/lang/NoSuchMethodError': <clinit>> (0x00000000e03d7030) thrown at [D:\src\AOSP-openjdk-cygwin\jdk8u\hotspot\src\share\vm\prims\jni.cpp, line 1613]
Event: 17.789 Thread 0x0000000058713800 Exception <a 'java/lang/NoSuchMethodError': <clinit>> (0x00000000e03e2a88) thrown at [D:\src\AOSP-openjdk-cygwin\jdk8u\hotspot\src\share\vm\prims\jni.cpp, line 1613]
Event: 17.818 Thread 0x0000000058713800 Exception <a 'java/lang/NoSuchMethodError': <clinit>> (0x00000000e0403fe8) thrown at [D:\src\AOSP-openjdk-cygwin\jdk8u\hotspot\src\share\vm\prims\jni.cpp, line 1613]
Event: 17.989 Thread 0x0000000058501800 Exception <a 'java/lang/NoSuchMethodError': <clinit>> (0x00000000e0627a28) thrown at [D:\src\AOSP-openjdk-cygwin\jdk8u\hotspot\src\share\vm\prims\jni.cpp, line 1613]
Event: 17.998 Thread 0x0000000058501800 Exception <a 'java/lang/NoSuchMethodError': <clinit>> (0x00000000e062fcb0) thrown at [D:\src\AOSP-openjdk-cygwin\jdk8u\hotspot\src\share\vm\prims\jni.cpp, line 1613]

Events (10 events):
Event: 22.334 loading class org/apache/http/protocol/HttpContext
Event: 22.334 loading class org/apache/http/protocol/HttpContext done
Event: 22.336 loading class org/gradle/internal/resource/transport/http/DefaultHttpSettings
Event: 22.336 loading class org/gradle/internal/resource/transport/http/DefaultHttpSettings done
Event: 22.339 loading class org/gradle/internal/resource/transport/http/HttpSettings
Event: 22.339 loading class org/gradle/internal/resource/transport/http/HttpSettings done
Event: 22.341 loading class javax/net/ssl/HostnameVerifier
Event: 22.342 loading class javax/net/ssl/HostnameVerifier done
Event: 22.342 loading class org/gradle/internal/resource/transport/http/HttpProxySettings
Event: 22.342 loading class org/gradle/internal/resource/transport/http/HttpProxySettings done


Dynamic libraries:
0x000000013fe80000 - 0x000000013feb1000 	C:\Program Files\Android\Android Studio\jre\bin\java.exe
0x0000000076de0000 - 0x0000000076f89000 	C:\Windows\SYSTEM32\ntdll.dll
0x0000000076bc0000 - 0x0000000076cdf000 	C:\Windows\system32\kernel32.dll
0x000007fefcec0000 - 0x000007fefcf2b000 	C:\Windows\system32\KERNELBASE.dll
0x000007fefd490000 - 0x000007fefd56b000 	C:\Windows\system32\ADVAPI32.dll
0x000007fefddd0000 - 0x000007fefde6f000 	C:\Windows\system32\msvcrt.dll
0x000007fefded0000 - 0x000007fefdeef000 	C:\Windows\SYSTEM32\sechost.dll
0x000007fefd360000 - 0x000007fefd48d000 	C:\Windows\system32\RPCRT4.dll
0x0000000076ce0000 - 0x0000000076dda000 	C:\Windows\system32\USER32.dll
0x000007fefed20000 - 0x000007fefed87000 	C:\Windows\system32\GDI32.dll
0x000007fefdec0000 - 0x000007fefdece000 	C:\Windows\system32\LPK.dll
0x000007fefedb0000 - 0x000007fefee79000 	C:\Windows\system32\USP10.dll
0x000007fefb680000 - 0x000007fefb874000 	C:\Windows\WinSxS\amd64_microsoft.windows.common-controls_6595b64144ccf1df_6.0.7601.17514_none_fa396087175ac9ac\COMCTL32.dll
0x000007fefdd50000 - 0x000007fefddc1000 	C:\Windows\system32\SHLWAPI.dll
0x000007feff0c0000 - 0x000007feff0ee000 	C:\Windows\system32\IMM32.DLL
0x000007fefd790000 - 0x000007fefd899000 	C:\Windows\system32\MSCTF.dll
0x0000000072dd0000 - 0x0000000072ea2000 	C:\Program Files\Android\Android Studio\jre\jre\bin\msvcr100.dll
0x00000000696b0000 - 0x0000000069ef1000 	C:\Program Files\Android\Android Studio\jre\jre\bin\server\jvm.dll
0x000007fef8b40000 - 0x000007fef8b49000 	C:\Windows\system32\WSOCK32.dll
0x000007fefde70000 - 0x000007fefdebd000 	C:\Windows\system32\WS2_32.dll
0x000007fefd780000 - 0x000007fefd788000 	C:\Windows\system32\NSI.dll
0x000007fefb430000 - 0x000007fefb46b000 	C:\Windows\system32\WINMM.dll
0x000007fefbe90000 - 0x000007fefbe9c000 	C:\Windows\system32\VERSION.dll
0x0000000076fa0000 - 0x0000000076fa7000 	C:\Windows\system32\PSAPI.DLL
0x000007fef9b00000 - 0x000007fef9b0f000 	C:\Program Files\Android\Android Studio\jre\jre\bin\verify.dll
0x000007fef6290000 - 0x000007fef62b9000 	C:\Program Files\Android\Android Studio\jre\jre\bin\java.dll
0x000007fef63f0000 - 0x000007fef6406000 	C:\Program Files\Android\Android Studio\jre\jre\bin\zip.dll
0x000007fefdf90000 - 0x000007fefed18000 	C:\Windows\system32\SHELL32.dll
0x000007fefd570000 - 0x000007fefd773000 	C:\Windows\system32\ole32.dll
0x000007fefcd30000 - 0x000007fefcd3f000 	C:\Windows\system32\profapi.dll
0x000007fef5f50000 - 0x000007fef5f6a000 	C:\Program Files\Android\Android Studio\jre\jre\bin\net.dll
0x000007fefc560000 - 0x000007fefc5b5000 	C:\Windows\system32\mswsock.dll
0x000007fefc550000 - 0x000007fefc557000 	C:\Windows\System32\wship6.dll
0x000007fef5630000 - 0x000007fef5641000 	C:\Program Files\Android\Android Studio\jre\jre\bin\nio.dll
0x000007fef52c0000 - 0x000007fef52de000 	C:\Users\admin\.gradle\native\25\windows-amd64\native-platform.dll
0x000007fef5700000 - 0x000007fef570d000 	C:\Program Files\Android\Android Studio\jre\jre\bin\management.dll
0x000007fefc5c0000 - 0x000007fefc5d7000 	C:\Windows\system32\CRYPTSP.dll
0x000007fefc2c0000 - 0x000007fefc307000 	C:\Windows\system32\rsaenh.dll
0x000007fefc080000 - 0x000007fefc09e000 	C:\Windows\system32\USERENV.dll
0x000007fefcc60000 - 0x000007fefcc6f000 	C:\Windows\system32\CRYPTBASE.dll
0x000007fefa630000 - 0x000007fefa657000 	C:\Windows\system32\IPHLPAPI.DLL
0x000007fefa620000 - 0x000007fefa62b000 	C:\Windows\system32\WINNSI.DLL
0x000007fefa520000 - 0x000007fefa531000 	C:\Windows\system32\dhcpcsvc6.DLL
0x000007fefa500000 - 0x000007fefa518000 	C:\Windows\system32\dhcpcsvc.DLL
0x000007fef5100000 - 0x000007fef5225000 	C:\Windows\system32\dbghelp.dll

VM Arguments:
jvm_args: -Xmx1536m -Dfile.encoding=windows-1252 -Duser.country=US -Duser.language=en -Duser.variant 
java_command: org.gradle.launcher.daemon.bootstrap.GradleDaemon 4.6
java_class_path (initial): C:\Users\admin\.gradle\wrapper\dists\gradle-4.6-all\bcst21l2brirad8k2ben1letg\gradle-4.6\lib\gradle-launcher-4.6.jar
Launcher Type: SUN_STANDARD

Environment Variables:
PATH=C:\ProgramData\Oracle\Java\javapath;C:\Windows\system32;C:\Windows;C:\Windows\System32\Wbem;C:\Windows\System32\WindowsPowerShell\v1.0\;C:\Program Files\Java\jdk1.8.0_65\bin
USERNAME=admin
OS=Windows_NT
PROCESSOR_IDENTIFIER=Intel64 Family 6 Model 42 Stepping 7, GenuineIntel



---------------  S Y S T E M  ---------------

OS: Windows 7 , 64 bit Build 7601 (6.1.7601.17514)

CPU:total 4 (initial active 4) (2 cores per cpu, 2 threads per core) family 6 model 42 stepping 7, cmov, cx8, fxsr, mmx, sse, sse2, sse3, ssse3, sse4.1, sse4.2, popcnt, avx, aes, clmul, ht, tsc, tscinvbit

Memory: 4k page, physical 8283068k(5306680k free), swap 16564292k(13411724k free)

vm_info: OpenJDK 64-Bit Server VM (25.152-b06) for windows-amd64 JRE (1.8.0_152-release-1136-b06), built by "builder" with MS VC++ 10.0 (VS2010)

time: Mon Jan 14 11:19:33 2019
elapsed time: 22 seconds (0d 0h 0m 22s)

